  Source.cpp
c:\users\johnnypan\documents\github\cpptrees\jpancpptrees\avltree.h(28): error C2440: 'initializing': cannot convert from 'std::unique_ptr<AVLNode<T>,std::default_delete<_Ty>>' to 'AVLNode<T> *'
          with
          [
              T=int,
              _Ty=AVLNode<int>
          ]
          and
          [
              T=int
          ]
  c:\users\johnnypan\documents\github\cpptrees\jpancpptrees\avltree.h(28): note: No user-defined-conversion operator available that can perform this conversion, or the operator cannot be called
  c:\users\johnnypan\documents\github\cpptrees\jpancpptrees\avltree.h(27): note: while compiling class template member function 'void AVLTree<int>::LeftRotation(std::unique_ptr<AVLNode<T>,std::default_delete<_Ty>> &)'
          with
          [
              T=int,
              _Ty=AVLNode<int>
          ]
  c:\users\johnnypan\documents\github\cpptrees\jpancpptrees\avltree.h(44): note: see reference to function template instantiation 'void AVLTree<int>::LeftRotation(std::unique_ptr<AVLNode<T>,std::default_delete<_Ty>> &)' being compiled
          with
          [
              T=int,
              _Ty=AVLNode<int>
          ]
  c:\users\johnnypan\documents\github\cpptrees\jpancpptrees\avltree.h(41): note: while compiling class template member function 'void AVLTree<int>::Balance(std::unique_ptr<AVLNode<T>,std::default_delete<_Ty>> &)'
          with
          [
              T=int,
              _Ty=AVLNode<int>
          ]
  c:\users\johnnypan\documents\github\cpptrees\jpancpptrees\avltree.h(85): note: see reference to function template instantiation 'void AVLTree<int>::Balance(std::unique_ptr<AVLNode<T>,std::default_delete<_Ty>> &)' being compiled
          with
          [
              T=int,
              _Ty=AVLNode<int>
          ]
  c:\users\johnnypan\documents\github\cpptrees\jpancpptrees\avltree.h(63): note: while compiling class template member function 'void AVLTree<int>::AddHelper(T,std::unique_ptr<AVLNode<T>,std::default_delete<_Ty>> &)'
          with
          [
              T=int,
              _Ty=AVLNode<int>
          ]
  c:\users\johnnypan\documents\github\cpptrees\jpancpptrees\avltree.h(94): note: see reference to function template instantiation 'void AVLTree<int>::AddHelper(T,std::unique_ptr<AVLNode<T>,std::default_delete<_Ty>> &)' being compiled
          with
          [
              T=int,
              _Ty=AVLNode<int>
          ]
  c:\users\johnnypan\documents\github\cpptrees\jpancpptrees\avltree.h(22): note: while compiling class template member function 'AVLTree<int>::AVLTree(void)'
  c:\users\johnnypan\documents\github\cpptrees\jpancpptrees\source.cpp(9): note: see reference to function template instantiation 'AVLTree<int>::AVLTree(void)' being compiled
  c:\users\johnnypan\documents\github\cpptrees\jpancpptrees\source.cpp(9): note: see reference to class template instantiation 'AVLTree<int>' being compiled
c:\users\johnnypan\documents\github\cpptrees\jpancpptrees\avlnode.h(30): error C2039: 'Height': is not a member of 'std::unique_ptr<AVLNode<T>,std::default_delete<_Ty>>'
          with
          [
              T=int,
              _Ty=AVLNode<int>
          ]
  c:\users\johnnypan\documents\github\cpptrees\jpancpptrees\avltree.h(10): note: see declaration of 'std::unique_ptr<AVLNode<T>,std::default_delete<_Ty>>'
          with
          [
              T=int,
              _Ty=AVLNode<int>
          ]
  c:\users\johnnypan\documents\github\cpptrees\jpancpptrees\avlnode.h(29): note: while compiling class template member function 'int AVLNode<T>::Balance(void)'
          with
          [
              T=int
          ]
  c:\users\johnnypan\documents\github\cpptrees\jpancpptrees\avltree.h(42): note: see reference to function template instantiation 'int AVLNode<T>::Balance(void)' being compiled
          with
          [
              T=int
          ]
